2019-02-17 12:10:57,922 - Log4JLogChute initialized using file 'velocity.log'
2019-02-17 12:10:57,922 - Initializing Velocity, Calling init()...
2019-02-17 12:10:57,922 - Starting Apache Velocity v1.7 (compiled: 2010-11-19 12:14:37)
2019-02-17 12:10:57,922 - Default Properties File: org\apache\velocity\runtime\defaults\velocity.properties
2019-02-17 12:10:57,922 - Trying to use logger class org.apache.velocity.runtime.log.AvalonLogChute
2019-02-17 12:10:57,922 - Target log system for org.apache.velocity.runtime.log.AvalonLogChute is not available (java.lang.NoClassDefFoundError: org/apache/log/format/Formatter).  Falling back to next log system...
2019-02-17 12:10:57,922 - Trying to use logger class org.apache.velocity.runtime.log.Log4JLogChute
2019-02-17 12:10:57,924 - Using logger class org.apache.velocity.runtime.log.Log4JLogChute
2019-02-17 12:10:57,928 - ResourceLoader instantiated: org.apache.velocity.runtime.resource.loader.ClasspathResourceLoader
2019-02-17 12:10:57,973 - ResourceCache: initialized (class org.apache.velocity.runtime.resource.ResourceCacheImpl) with class java.util.Collections$SynchronizedMap cache map.
2019-02-17 12:10:57,974 - Loaded System Directive: org.apache.velocity.runtime.directive.Stop
2019-02-17 12:10:57,975 - Loaded System Directive: org.apache.velocity.runtime.directive.Define
2019-02-17 12:10:57,976 - Loaded System Directive: org.apache.velocity.runtime.directive.Break
2019-02-17 12:10:57,976 - Loaded System Directive: org.apache.velocity.runtime.directive.Evaluate
2019-02-17 12:10:57,977 - Loaded System Directive: org.apache.velocity.runtime.directive.Literal
2019-02-17 12:10:57,978 - Loaded System Directive: org.apache.velocity.runtime.directive.Macro
2019-02-17 12:10:57,979 - Loaded System Directive: org.apache.velocity.runtime.directive.Parse
2019-02-17 12:10:57,980 - Loaded System Directive: org.apache.velocity.runtime.directive.Include
2019-02-17 12:10:57,980 - Loaded System Directive: org.apache.velocity.runtime.directive.Foreach
2019-02-17 12:10:58,007 - Created '20' parsers.
2019-02-17 12:10:58,013 - Velocimacro : "velocimacro.library" is not set.  Trying default library: VM_global_library.vm
2019-02-17 12:10:58,014 - Could not load resource 'VM_global_library.vm' from ResourceLoader org.apache.velocity.runtime.resource.loader.ClasspathResourceLoader: ClasspathResourceLoader Error: cannot find resource VM_global_library.vm
2019-02-17 12:10:58,014 - Velocimacro : Default library not found.
2019-02-17 12:10:58,014 - Velocimacro : allowInline = true : VMs can be defined inline in templates
2019-02-17 12:10:58,014 - Velocimacro : allowInlineToOverride = false : VMs defined inline may NOT replace previous VM definitions
2019-02-17 12:10:58,014 - Velocimacro : allowInlineLocal = false : VMs defined inline will be global in scope if allowed.
2019-02-17 12:10:58,014 - Velocimacro : autoload off : VM system will not automatically reload global library macros
2019-02-17 12:10:58,040 - ResourceManager : found /templates/entity.java.vm with loader org.apache.velocity.runtime.resource.loader.ClasspathResourceLoader
2019-02-17 12:10:58,053 - Left side (${versionFieldName}) of '==' operation has null value. If it is a reference, it may not be in the context or its toString() returned null. /templates/entity.java.vm[line 76, column 26]
2019-02-17 12:10:58,053 - Left side (${logicDeleteFieldName}) of '==' operation has null value. If it is a reference, it may not be in the context or its toString() returned null. /templates/entity.java.vm[line 80, column 30]
2019-02-17 12:10:58,053 - Left side (${versionFieldName}) of '==' operation has null value. If it is a reference, it may not be in the context or its toString() returned null. /templates/entity.java.vm[line 76, column 26]
2019-02-17 12:10:58,053 - Left side (${logicDeleteFieldName}) of '==' operation has null value. If it is a reference, it may not be in the context or its toString() returned null. /templates/entity.java.vm[line 80, column 30]
2019-02-17 12:10:58,054 - Left side (${versionFieldName}) of '==' operation has null value. If it is a reference, it may not be in the context or its toString() returned null. /templates/entity.java.vm[line 76, column 26]
2019-02-17 12:10:58,054 - Left side (${logicDeleteFieldName}) of '==' operation has null value. If it is a reference, it may not be in the context or its toString() returned null. /templates/entity.java.vm[line 80, column 30]
2019-02-17 12:10:58,063 - ResourceManager : found /templates/mapper.java.vm with loader org.apache.velocity.runtime.resource.loader.ClasspathResourceLoader
2019-02-17 12:10:58,068 - ResourceManager : found /templates/mapper.xml.vm with loader org.apache.velocity.runtime.resource.loader.ClasspathResourceLoader
2019-02-17 12:10:58,074 - ResourceManager : found /templates/service.java.vm with loader org.apache.velocity.runtime.resource.loader.ClasspathResourceLoader
2019-02-17 12:10:58,079 - ResourceManager : found /templates/serviceImpl.java.vm with loader org.apache.velocity.runtime.resource.loader.ClasspathResourceLoader
2019-02-17 12:10:58,093 - ResourceManager : found /templates/controller.java.vm with loader org.apache.velocity.runtime.resource.loader.ClasspathResourceLoader
2019-02-17 13:04:53,393 - Log4JLogChute initialized using file 'velocity.log'
2019-02-17 13:04:53,401 - Initializing Velocity, Calling init()...
2019-02-17 13:04:53,401 - Starting Apache Velocity v1.7 (compiled: 2010-11-19 12:14:37)
2019-02-17 13:04:53,401 - Default Properties File: org\apache\velocity\runtime\defaults\velocity.properties
2019-02-17 13:04:53,401 - Trying to use logger class org.apache.velocity.runtime.log.AvalonLogChute
2019-02-17 13:04:53,401 - Target log system for org.apache.velocity.runtime.log.AvalonLogChute is not available (java.lang.NoClassDefFoundError: org/apache/log/format/Formatter).  Falling back to next log system...
2019-02-17 13:04:53,401 - Trying to use logger class org.apache.velocity.runtime.log.Log4JLogChute
2019-02-17 13:04:53,402 - Using logger class org.apache.velocity.runtime.log.Log4JLogChute
2019-02-17 13:04:53,407 - ResourceLoader instantiated: org.apache.velocity.runtime.resource.loader.ClasspathResourceLoader
2019-02-17 13:04:53,424 - ResourceCache: initialized (class org.apache.velocity.runtime.resource.ResourceCacheImpl) with class java.util.Collections$SynchronizedMap cache map.
2019-02-17 13:04:53,426 - Loaded System Directive: org.apache.velocity.runtime.directive.Stop
2019-02-17 13:04:53,427 - Loaded System Directive: org.apache.velocity.runtime.directive.Define
2019-02-17 13:04:53,427 - Loaded System Directive: org.apache.velocity.runtime.directive.Break
2019-02-17 13:04:53,428 - Loaded System Directive: org.apache.velocity.runtime.directive.Evaluate
2019-02-17 13:04:53,429 - Loaded System Directive: org.apache.velocity.runtime.directive.Literal
2019-02-17 13:04:53,430 - Loaded System Directive: org.apache.velocity.runtime.directive.Macro
2019-02-17 13:04:53,431 - Loaded System Directive: org.apache.velocity.runtime.directive.Parse
2019-02-17 13:04:53,432 - Loaded System Directive: org.apache.velocity.runtime.directive.Include
2019-02-17 13:04:53,433 - Loaded System Directive: org.apache.velocity.runtime.directive.Foreach
2019-02-17 13:04:53,467 - Created '20' parsers.
2019-02-17 13:04:53,472 - Velocimacro : "velocimacro.library" is not set.  Trying default library: VM_global_library.vm
2019-02-17 13:04:53,473 - Could not load resource 'VM_global_library.vm' from ResourceLoader org.apache.velocity.runtime.resource.loader.ClasspathResourceLoader: ClasspathResourceLoader Error: cannot find resource VM_global_library.vm
2019-02-17 13:04:53,474 - Velocimacro : Default library not found.
2019-02-17 13:04:53,474 - Velocimacro : allowInline = true : VMs can be defined inline in templates
2019-02-17 13:04:53,474 - Velocimacro : allowInlineToOverride = false : VMs defined inline may NOT replace previous VM definitions
2019-02-17 13:04:53,474 - Velocimacro : allowInlineLocal = false : VMs defined inline will be global in scope if allowed.
2019-02-17 13:04:53,474 - Velocimacro : autoload off : VM system will not automatically reload global library macros
2019-02-17 13:04:53,507 - ResourceManager : found /templates/entity.java.vm with loader org.apache.velocity.runtime.resource.loader.ClasspathResourceLoader
2019-02-17 13:04:53,520 - Left side (${versionFieldName}) of '==' operation has null value. If it is a reference, it may not be in the context or its toString() returned null. /templates/entity.java.vm[line 76, column 26]
2019-02-17 13:04:53,520 - Left side (${logicDeleteFieldName}) of '==' operation has null value. If it is a reference, it may not be in the context or its toString() returned null. /templates/entity.java.vm[line 80, column 30]
2019-02-17 13:04:53,520 - Left side (${versionFieldName}) of '==' operation has null value. If it is a reference, it may not be in the context or its toString() returned null. /templates/entity.java.vm[line 76, column 26]
2019-02-17 13:04:53,520 - Left side (${logicDeleteFieldName}) of '==' operation has null value. If it is a reference, it may not be in the context or its toString() returned null. /templates/entity.java.vm[line 80, column 30]
2019-02-17 13:04:53,521 - Left side (${versionFieldName}) of '==' operation has null value. If it is a reference, it may not be in the context or its toString() returned null. /templates/entity.java.vm[line 76, column 26]
2019-02-17 13:04:53,521 - Left side (${logicDeleteFieldName}) of '==' operation has null value. If it is a reference, it may not be in the context or its toString() returned null. /templates/entity.java.vm[line 80, column 30]
2019-02-17 13:04:53,531 - ResourceManager : found /templates/mapper.java.vm with loader org.apache.velocity.runtime.resource.loader.ClasspathResourceLoader
2019-02-17 13:04:53,554 - ResourceManager : found /templates/mapper.xml.vm with loader org.apache.velocity.runtime.resource.loader.ClasspathResourceLoader
2019-02-17 13:04:53,559 - ResourceManager : found /templates/service.java.vm with loader org.apache.velocity.runtime.resource.loader.ClasspathResourceLoader
2019-02-17 13:04:53,564 - ResourceManager : found /templates/serviceImpl.java.vm with loader org.apache.velocity.runtime.resource.loader.ClasspathResourceLoader
2019-02-17 13:04:53,572 - ResourceManager : found /templates/controller.java.vm with loader org.apache.velocity.runtime.resource.loader.ClasspathResourceLoader
